{"/Users/darraghoriordan/Documents/personal-projects/learn_databases/src/lesson3/appDatasource.ts": {"path":"/Users/darraghoriordan/Documents/personal-projects/learn_databases/src/lesson3/appDatasource.ts","statementMap":{"0":{"start":{"line":1,"column":0},"end":{"line":1,"column":37}},"1":{"start":{"line":20,"column":4},"end":{"line":22,"column":null}},"2":{"start":{"line":21,"column":6},"end":{"line":21,"column":41}},"3":{"start":{"line":23,"column":4},"end":{"line":23,"column":27}},"4":{"start":{"line":27,"column":4},"end":{"line":27,"column":37}},"5":{"start":{"line":4,"column":17},"end":{"line":17,"column":5}},"6":{"start":{"line":31,"column":0},"end":{"line":31,"column":29}}},"fnMap":{"0":{"name":"(anonymous_0)","decl":{"start":{"line":19,"column":9},"end":{"line":19,"column":15}},"loc":{"start":{"line":19,"column":32},"end":{"line":24,"column":3}}},"1":{"name":"(anonymous_1)","decl":{"start":{"line":26,"column":9},"end":{"line":26,"column":15}},"loc":{"start":{"line":26,"column":38},"end":{"line":28,"column":3}}}},"branchMap":{"0":{"loc":{"start":{"line":20,"column":4},"end":{"line":22,"column":null}},"type":"if","locations":[{"start":{"line":20,"column":4},"end":{"line":22,"column":null}}]}},"s":{"0":1,"1":1,"2":1,"3":1,"4":1,"5":1,"6":1},"f":{"0":1,"1":1},"b":{"0":[1]}}
}
